[  4%] Built target gtest
[  8%] Built target gtest_main
[ 33%] Built target mppi_critics
[ 35%] [32mBuilding CXX object CMakeFiles/mppi_controller.dir/src/controller.cpp.o[0m
In file included from [01m[K/home/rudolfs/ros2_ws/src/navigation2/nav2_mppi_controller/src/controller.cpp:17[m[K:
[01m[K/home/rudolfs/ros2_ws/src/navigation2/nav2_mppi_controller/include/nav2_mppi_controller/controller.hpp:118:56:[m[K [01;31m[Kerror: [m[Kâ€˜[01m[KTrajectory[m[Kâ€™ is not a member of â€˜[01m[Knav2_msgs::msg[m[Kâ€™
  118 |   rclcpp_lifecycle::LifecyclePublisher<nav2_msgs::msg::[01;31m[KTrajectory[m[K>::SharedPtr opt_traj_pub_;
      |                                                        [01;31m[K^~~~~~~~~~[m[K
[01m[K/home/rudolfs/ros2_ws/src/navigation2/nav2_mppi_controller/include/nav2_mppi_controller/controller.hpp:118:66:[m[K [01;31m[Kerror: [m[Ktemplate argument 1 is invalid
  118 |   rclcpp_lifecycle::LifecyclePublisher<nav2_msgs::msg::Trajectory[01;31m[K>[m[K::SharedPtr opt_traj_pub_;
      |                                                                  [01;31m[K^[m[K
[01m[K/home/rudolfs/ros2_ws/src/navigation2/nav2_mppi_controller/include/nav2_mppi_controller/controller.hpp:118:69:[m[K [01;31m[Kerror: [m[Kexpected â€˜[01m[K;[m[Kâ€™ at end of member declaration
  118 |   rclcpp_lifecycle::LifecyclePublisher<nav2_msgs::msg::Trajectory>::[01;31m[KSharedPtr[m[K opt_traj_pub_;
      |                                                                     [01;31m[K^~~~~~~~~[m[K
      |                                                                              [32m[K;[m[K
[01m[K/home/rudolfs/ros2_ws/src/navigation2/nav2_mppi_controller/include/nav2_mppi_controller/controller.hpp:118:79:[m[K [01;31m[Kerror: [m[Kâ€˜[01m[Kopt_traj_pub_[m[Kâ€™ does not name a type
  118 |   rclcpp_lifecycle::LifecyclePublisher<nav2_msgs::msg::Trajectory>::SharedPtr [01;31m[Kopt_traj_pub_[m[K;
      |                                                                               [01;31m[K^~~~~~~~~~~~~[m[K
[01m[K/home/rudolfs/ros2_ws/src/navigation2/nav2_mppi_controller/src/controller.cpp:[m[K In member function â€˜[01m[Kvirtual void nav2_mppi_controller::MPPIController::[01;32m[Kconfigure[m[K(const rclcpp_lifecycle::LifecycleNode::WeakPtr&, std::string, std::shared_ptr<tf2_ros::Buffer>, std::shared_ptr<nav2_costmap_2d::Costmap2DROS>)[m[Kâ€™:
[01m[K/home/rudolfs/ros2_ws/src/navigation2/nav2_mppi_controller/src/controller.cpp:51:5:[m[K [01;31m[Kerror: [m[Kâ€˜[01m[Kopt_traj_pub_[m[Kâ€™ was not declared in this scope
   51 |     [01;31m[Kopt_traj_pub_[m[K = node->create_publisher<nav2_msgs::msg::Trajectory>(
      |     [01;31m[K^~~~~~~~~~~~~[m[K
[01m[K/home/rudolfs/ros2_ws/src/navigation2/nav2_mppi_controller/src/controller.cpp:51:60:[m[K [01;31m[Kerror: [m[Kâ€˜[01m[KTrajectory[m[Kâ€™ is not a member of â€˜[01m[Knav2_msgs::msg[m[Kâ€™
   51 |     opt_traj_pub_ = node->create_publisher<nav2_msgs::msg::[01;31m[KTrajectory[m[K>(
      |                                                            [01;31m[K^~~~~~~~~~[m[K
[01m[K/home/rudolfs/ros2_ws/src/navigation2/nav2_mppi_controller/src/controller.cpp:51:71:[m[K [01;31m[Kerror: [m[Kno matching function for call to â€˜[01m[Krclcpp_lifecycle::LifecycleNode::create_publisher<<expression error> >(const char [21], rclcpp::SystemDefaultsQoS)[m[Kâ€™
   51 |     opt_traj_pub_ = [01;31m[Knode->create_publisher<nav2_msgs::msg::Trajectory>([m[K
      |                     [01;31m[K~~~~~~~~~~~~~~~~~~~~~~~~~~~~~~~~~~~~~~~~~~~~~~~~~~^[m[K
   52 | [01;31m[K      "~/optimal_trajectory", rclcpp::SystemDefaultsQoS())[m[K;
      |       [01;31m[K~~~~~~~~~~~~~~~~~~~~~~~~~~~~~~~~~~~~~~~~~~~~~~~~~~~~[m[K             
In file included from [01m[K/home/rudolfs/ros2_ws/src/navigation2/nav2_mppi_controller/include/nav2_mppi_controller/tools/path_handler.hpp:25[m[K,
                 from [01m[K/home/rudolfs/ros2_ws/src/navigation2/nav2_mppi_controller/include/nav2_mppi_controller/controller.hpp:21[m[K:
[01m[K/opt/ros/jazzy/include/rclcpp_lifecycle/rclcpp_lifecycle/lifecycle_node.hpp:222:3:[m[K [01;36m[Knote: [m[Kcandidate: â€˜[01m[Ktemplate<class MessageT, class AllocatorT> std::shared_ptr<rclcpp_lifecycle::LifecyclePublisher<MessageT, Alloc> > rclcpp_lifecycle::LifecycleNode::[01;32m[Kcreate_publisher[m[K(const std::string&, const rclcpp::QoS&, const rclcpp::PublisherOptionsWithAllocator<AllocatorT>&)[m[Kâ€™
  222 |   [01;36m[Kcreate_publisher[m[K(
      |   [01;36m[K^~~~~~~~~~~~~~~~[m[K
[01m[K/opt/ros/jazzy/include/rclcpp_lifecycle/rclcpp_lifecycle/lifecycle_node.hpp:222:3:[m[K [01;36m[Knote: [m[K  template argument deduction/substitution failed:
[01m[K/home/rudolfs/ros2_ws/src/navigation2/nav2_mppi_controller/src/controller.cpp:51:71:[m[K [01;31m[Kerror: [m[Ktemplate argument 1 is invalid
   51 |     opt_traj_pub_ = [01;31m[Knode->create_publisher<nav2_msgs::msg::Trajectory>([m[K
      |                     [01;31m[K~~~~~~~~~~~~~~~~~~~~~~~~~~~~~~~~~~~~~~~~~~~~~~~~~~^[m[K
   52 | [01;31m[K      "~/optimal_trajectory", rclcpp::SystemDefaultsQoS())[m[K;
      |       [01;31m[K~~~~~~~~~~~~~~~~~~~~~~~~~~~~~~~~~~~~~~~~~~~~~~~~~~~~[m[K             
[01m[K/home/rudolfs/ros2_ws/src/navigation2/nav2_mppi_controller/src/controller.cpp:[m[K In member function â€˜[01m[Kvirtual void nav2_mppi_controller::MPPIController::[01;32m[Kcleanup[m[K()[m[Kâ€™:
[01m[K/home/rudolfs/ros2_ws/src/navigation2/nav2_mppi_controller/src/controller.cpp:63:3:[m[K [01;31m[Kerror: [m[Kâ€˜[01m[Kopt_traj_pub_[m[Kâ€™ was not declared in this scope
   63 |   [01;31m[Kopt_traj_pub_[m[K.reset();
      |   [01;31m[K^~~~~~~~~~~~~[m[K
[01m[K/home/rudolfs/ros2_ws/src/navigation2/nav2_mppi_controller/src/controller.cpp:[m[K In member function â€˜[01m[Kvirtual void nav2_mppi_controller::MPPIController::[01;32m[Kactivate[m[K()[m[Kâ€™:
[01m[K/home/rudolfs/ros2_ws/src/navigation2/nav2_mppi_controller/src/controller.cpp:71:7:[m[K [01;31m[Kerror: [m[Kâ€˜[01m[Kopt_traj_pub_[m[Kâ€™ was not declared in this scope
   71 |   if ([01;31m[Kopt_traj_pub_[m[K) {
      |       [01;31m[K^~~~~~~~~~~~~[m[K
[01m[K/home/rudolfs/ros2_ws/src/navigation2/nav2_mppi_controller/src/controller.cpp:[m[K In member function â€˜[01m[Kvirtual void nav2_mppi_controller::MPPIController::[01;32m[Kdeactivate[m[K()[m[Kâ€™:
[01m[K/home/rudolfs/ros2_ws/src/navigation2/nav2_mppi_controller/src/controller.cpp:80:7:[m[K [01;31m[Kerror: [m[Kâ€˜[01m[Kopt_traj_pub_[m[Kâ€™ was not declared in this scope
   80 |   if ([01;31m[Kopt_traj_pub_[m[K) {
      |       [01;31m[K^~~~~~~~~~~~~[m[K
[01m[K/home/rudolfs/ros2_ws/src/navigation2/nav2_mppi_controller/src/controller.cpp:[m[K In member function â€˜[01m[Kvirtual geometry_msgs::msg::TwistStamped nav2_mppi_controller::MPPIController::[01;32m[KcomputeVelocityCommands[m[K(const geometry_msgs::msg::PoseStamped&, const geometry_msgs::msg::Twist&, nav2_core::GoalChecker*)[m[Kâ€™:
[01m[K/home/rudolfs/ros2_ws/src/navigation2/nav2_mppi_controller/src/controller.cpp:117:3:[m[K [01;31m[Kerror: [m[Kâ€˜[01m[KEigen[m[Kâ€™ has not been declared
  117 |   [01;31m[KEigen[m[K::ArrayXXf optimal_trajectory;
      |   [01;31m[K^~~~~[m[K
[01m[K/home/rudolfs/ros2_ws/src/navigation2/nav2_mppi_controller/src/controller.cpp:118:38:[m[K [01;31m[Kerror: [m[Kâ€˜[01m[Kopt_traj_pub_[m[Kâ€™ was not declared in this scope
  118 |   if (publish_optimal_trajectory_ && [01;31m[Kopt_traj_pub_[m[K->get_subscription_count() > 0) {
      |                                      [01;31m[K^~~~~~~~~~~~~[m[K
[01m[K/home/rudolfs/ros2_ws/src/navigation2/nav2_mppi_controller/src/controller.cpp:119:5:[m[K [01;31m[Kerror: [m[Kâ€˜[01m[Koptimal_trajectory[m[Kâ€™ was not declared in this scope; did you mean â€˜[01m[Kpublish_optimal_trajectory_[m[Kâ€™?
  119 |     [01;31m[Koptimal_trajectory[m[K = optimizer_.getOptimizedTrajectory();
      |     [01;31m[K^~~~~~~~~~~~~~~~~~[m[K
      |     [32m[Kpublish_optimal_trajectory_[m[K
[01m[K/home/rudolfs/ros2_ws/src/navigation2/nav2_mppi_controller/src/controller.cpp:120:34:[m[K [01;31m[Kerror: [m[Kâ€˜[01m[KtoTrajectoryMsg[m[Kâ€™ is not a member of â€˜[01m[Kmppi::utils[m[Kâ€™
  120 |     auto trajectory_msg = utils::[01;31m[KtoTrajectoryMsg[m[K(
      |                                  [01;31m[K^~~~~~~~~~~~~~~[m[K
[01m[K/home/rudolfs/ros2_ws/src/navigation2/nav2_mppi_controller/src/controller.cpp:122:18:[m[K [01;31m[Kerror: [m[Kâ€˜[01m[Kclass mppi::Optimizer[m[Kâ€™ has no member named â€˜[01m[KgetOptimalControlSequence[m[Kâ€™; did you mean â€˜[01m[KshiftControlSequence[m[Kâ€™?
  122 |       optimizer_.[01;31m[KgetOptimalControlSequence[m[K(),
      |                  [01;31m[K^~~~~~~~~~~~~~~~~~~~~~~~~[m[K
      |                  [32m[KshiftControlSequence[m[K
[01m[K/home/rudolfs/ros2_ws/src/navigation2/nav2_mppi_controller/src/controller.cpp:123:18:[m[K [01;31m[Kerror: [m[Kâ€˜[01m[Kclass mppi::Optimizer[m[Kâ€™ has no member named â€˜[01m[KgetSettings[m[Kâ€™
  123 |       optimizer_.[01;31m[KgetSettings[m[K().model_dt,
      |                  [01;31m[K^~~~~~~~~~~[m[K
gmake[2]: *** [CMakeFiles/mppi_controller.dir/build.make:76: CMakeFiles/mppi_controller.dir/src/controller.cpp.o] Error 1
gmake[1]: *** [CMakeFiles/Makefile2:196: CMakeFiles/mppi_controller.dir/all] Error 2
gmake: *** [Makefile:146: all] Error 2
