[  4%] Built target gtest_main
[  8%] Built target gtest
[ 33%] Built target mppi_critics
[ 35%] [32mBuilding CXX object CMakeFiles/mppi_controller.dir/src/controller.cpp.o[0m
[01m[K/home/rudolfs/ros2_ws/src/navigation2/nav2_mppi_controller/src/controller.cpp:[m[K In member function â€˜[01m[Kvirtual geometry_msgs::msg::TwistStamped nav2_mppi_controller::MPPIController::[01;32m[KcomputeVelocityCommands[m[K(const geometry_msgs::msg::PoseStamped&, const geometry_msgs::msg::Twist&, nav2_core::GoalChecker*)[m[Kâ€™:
[01m[K/home/rudolfs/ros2_ws/src/navigation2/nav2_mppi_controller/src/controller.cpp:127:31:[m[K [01;31m[Kerror: [m[Kâ€˜[01m[Knode_[m[Kâ€™ was not declared in this scope; did you mean â€˜[01m[Kmode_t[m[Kâ€™?
  127 |     dummy_path.header.stamp = [01;31m[Knode_[m[K->now();  // Or cmd.header.stamp
      |                               [01;31m[K^~~~~[m[K
      |                               [32m[Kmode_t[m[K
gmake[2]: *** [CMakeFiles/mppi_controller.dir/build.make:76: CMakeFiles/mppi_controller.dir/src/controller.cpp.o] Error 1
gmake[1]: *** [CMakeFiles/Makefile2:196: CMakeFiles/mppi_controller.dir/all] Error 2
gmake: *** [Makefile:146: all] Error 2
