[  4%] Built target gtest_main
[  8%] Built target gtest
[ 33%] Built target mppi_critics
[ 35%] [32mBuilding CXX object CMakeFiles/mppi_controller.dir/src/controller.cpp.o[0m
[01m[K/home/rudolfs/ros2_ws/src/navigation2/nav2_mppi_controller/src/controller.cpp:[m[K In member function â€˜[01m[Kvirtual void nav2_mppi_controller::MPPIController::[01;32m[Kconfigure[m[K(const rclcpp_lifecycle::LifecycleNode::WeakPtr&, std::string, std::shared_ptr<tf2_ros::Buffer>, std::shared_ptr<nav2_costmap_2d::Costmap2DROS>)[m[Kâ€™:
[01m[K/home/rudolfs/ros2_ws/src/navigation2/nav2_mppi_controller/src/controller.cpp:51:60:[m[K [01;31m[Kerror: [m[Kâ€˜[01m[KPath[m[Kâ€™ is not a member of â€˜[01m[Knav2_msgs::msg[m[Kâ€™
   51 |     opt_traj_pub_ = node->create_publisher<nav2_msgs::msg::[01;31m[KPath[m[K>(
      |                                                            [01;31m[K^~~~[m[K
[01m[K/home/rudolfs/ros2_ws/src/navigation2/nav2_mppi_controller/src/controller.cpp:51:60:[m[K [01;36m[Knote: [m[Ksuggested alternatives:
In file included from [01m[K/opt/ros/jazzy/include/nav_msgs/nav_msgs/msg/path.hpp:7[m[K,
                 from [01m[K/home/rudolfs/ros2_ws/src/navigation2/nav2_mppi_controller/include/nav2_mppi_controller/tools/path_handler.hpp:28[m[K,
                 from [01m[K/home/rudolfs/ros2_ws/src/navigation2/nav2_mppi_controller/include/nav2_mppi_controller/controller.hpp:21[m[K,
                 from [01m[K/home/rudolfs/ros2_ws/src/navigation2/nav2_mppi_controller/src/controller.cpp:17[m[K:
[01m[K/opt/ros/jazzy/include/nav_msgs/nav_msgs/msg/detail/path__struct.hpp:136:7:[m[K [01;36m[Knote: [m[K  â€˜[01m[Knav_msgs::msg::Path[m[Kâ€™
  136 | using [01;36m[KPath[m[K =
      |       [01;36m[K^~~~[m[K
In file included from [01m[K/home/rudolfs/ros2_ws/src/navigation2/nav2_mppi_controller/include/nav2_mppi_controller/tools/utils.hpp:54[m[K,
                 from [01m[K/home/rudolfs/ros2_ws/src/navigation2/nav2_mppi_controller/include/nav2_mppi_controller/critic_manager.hpp:37[m[K,
                 from [01m[K/home/rudolfs/ros2_ws/src/navigation2/nav2_mppi_controller/include/nav2_mppi_controller/optimizer.hpp:42[m[K,
                 from [01m[K/home/rudolfs/ros2_ws/src/navigation2/nav2_mppi_controller/include/nav2_mppi_controller/controller.hpp:22[m[K:
[01m[K/home/rudolfs/ros2_ws/src/navigation2/nav2_mppi_controller/include/nav2_mppi_controller/models/path.hpp:32:8:[m[K [01;36m[Knote: [m[K  â€˜[01m[Kmppi::models::Path[m[Kâ€™
   32 | struct [01;36m[KPath[m[K
      |        [01;36m[K^~~~[m[K
[01m[K/home/rudolfs/ros2_ws/src/navigation2/nav2_mppi_controller/src/controller.cpp:51:65:[m[K [01;31m[Kerror: [m[Kno matching function for call to â€˜[01m[Krclcpp_lifecycle::LifecycleNode::create_publisher<<expression error> >(const char [21], rclcpp::SystemDefaultsQoS)[m[Kâ€™
   51 |     opt_traj_pub_ = [01;31m[Knode->create_publisher<nav2_msgs::msg::Path>([m[K
      |                     [01;31m[K~~~~~~~~~~~~~~~~~~~~~~~~~~~~~~~~~~~~~~~~~~~~^[m[K
   52 | [01;31m[K      "~/optimal_trajectory", rclcpp::SystemDefaultsQoS())[m[K;
      |       [01;31m[K~~~~~~~~~~~~~~~~~~~~~~~~~~~~~~~~~~~~~~~~~~~~~~~~~~~~[m[K       
In file included from [01m[K/home/rudolfs/ros2_ws/src/navigation2/nav2_mppi_controller/include/nav2_mppi_controller/tools/path_handler.hpp:25[m[K:
[01m[K/opt/ros/jazzy/include/rclcpp_lifecycle/rclcpp_lifecycle/lifecycle_node.hpp:222:3:[m[K [01;36m[Knote: [m[Kcandidate: â€˜[01m[Ktemplate<class MessageT, class AllocatorT> std::shared_ptr<rclcpp_lifecycle::LifecyclePublisher<MessageT, Alloc> > rclcpp_lifecycle::LifecycleNode::[01;32m[Kcreate_publisher[m[K(const std::string&, const rclcpp::QoS&, const rclcpp::PublisherOptionsWithAllocator<AllocatorT>&)[m[Kâ€™
  222 |   [01;36m[Kcreate_publisher[m[K(
      |   [01;36m[K^~~~~~~~~~~~~~~~[m[K
[01m[K/opt/ros/jazzy/include/rclcpp_lifecycle/rclcpp_lifecycle/lifecycle_node.hpp:222:3:[m[K [01;36m[Knote: [m[K  template argument deduction/substitution failed:
[01m[K/home/rudolfs/ros2_ws/src/navigation2/nav2_mppi_controller/src/controller.cpp:51:65:[m[K [01;31m[Kerror: [m[Ktemplate argument 1 is invalid
   51 |     opt_traj_pub_ = [01;31m[Knode->create_publisher<nav2_msgs::msg::Path>([m[K
      |                     [01;31m[K~~~~~~~~~~~~~~~~~~~~~~~~~~~~~~~~~~~~~~~~~~~~^[m[K
   52 | [01;31m[K      "~/optimal_trajectory", rclcpp::SystemDefaultsQoS())[m[K;
      |       [01;31m[K~~~~~~~~~~~~~~~~~~~~~~~~~~~~~~~~~~~~~~~~~~~~~~~~~~~~[m[K       
[01m[K/home/rudolfs/ros2_ws/src/navigation2/nav2_mppi_controller/src/controller.cpp:[m[K In member function â€˜[01m[Kvirtual geometry_msgs::msg::TwistStamped nav2_mppi_controller::MPPIController::[01;32m[KcomputeVelocityCommands[m[K(const geometry_msgs::msg::PoseStamped&, const geometry_msgs::msg::Twist&, nav2_core::GoalChecker*)[m[Kâ€™:
[01m[K/home/rudolfs/ros2_ws/src/navigation2/nav2_mppi_controller/src/controller.cpp:120:33:[m[K [01;31m[Kerror: [m[Kâ€˜[01m[Kcmd_stamp[m[Kâ€™ was not declared in this scope
  120 |     minimal_path.header.stamp = [01;31m[Kcmd_stamp[m[K;
      |                                 [01;31m[K^~~~~~~~~[m[K
gmake[2]: *** [CMakeFiles/mppi_controller.dir/build.make:76: CMakeFiles/mppi_controller.dir/src/controller.cpp.o] Error 1
gmake[1]: *** [CMakeFiles/Makefile2:196: CMakeFiles/mppi_controller.dir/all] Error 2
gmake: *** [Makefile:146: all] Error 2
